Using pre-set license
Built from '2020.3/staging' branch; Version is '2020.3.14f1 (d0d1bb862f9d) revision 13685179'; Using compiler version '192528614'; Build Type 'Release'
OS: 'Windows 10 Home; OS build 19042.1288; Version 2009; 64bit' Language: 'es' Physical Memory: 8103 MB
BatchMode: 1, IsHumanControllingUs: 0, StartBugReporterOnCrash: 0, Is64bit: 1, IsPro: 0

 COMMAND LINE ARGUMENTS:
C:\Program Files\Unity\Hub\Editor\2020.3.14f1\Editor\Unity.exe
-adb2
-batchMode
-noUpm
-name
AssetImportWorker0
-projectPath
D:/CTS/GitHub/Pocket-Space-Factory
-logFile
Logs/AssetImportWorker0.log
-srvPort
53368
Successfully changed project path to: D:/CTS/GitHub/Pocket-Space-Factory
D:/CTS/GitHub/Pocket-Space-Factory
Using Asset Import Pipeline V2.
Refreshing native plugins compatible for Editor in 35.07 ms, found 2 plugins.
Preloading 0 native plugins for Editor in 0.00 ms.
Initialize engine version: 2020.3.14f1 (d0d1bb862f9d)
[Subsystems] Discovering subsystems at path C:/Program Files/Unity/Hub/Editor/2020.3.14f1/Editor/Data/Resources/UnitySubsystems
[Subsystems] Discovering subsystems at path D:/CTS/GitHub/Pocket-Space-Factory/Assets
GfxDevice: creating device client; threaded=0
Direct3D:
    Version:  Direct3D 11.0 [level 11.1]
    Renderer: Intel(R) HD Graphics 520 (ID=0x1916)
    Vendor:   
    VRAM:     4051 MB
    Driver:   21.20.16.4821
Initialize mono
Mono path[0] = 'C:/Program Files/Unity/Hub/Editor/2020.3.14f1/Editor/Data/Managed'
Mono path[1] = 'C:/Program Files/Unity/Hub/Editor/2020.3.14f1/Editor/Data/MonoBleedingEdge/lib/mono/unityjit'
Mono config path = 'C:/Program Files/Unity/Hub/Editor/2020.3.14f1/Editor/Data/MonoBleedingEdge/etc'
Using monoOptions --debugger-agent=transport=dt_socket,embedding=1,server=y,suspend=n,address=127.0.0.1:56128
Begin MonoManager ReloadAssembly
Registering precompiled unity dll's ...
Register platform support module: C:/Program Files/Unity/Hub/Editor/2020.3.14f1/Editor/Data/PlaybackEngines/WindowsStandaloneSupport/UnityEditor.WindowsStandalone.Extensions.dll
Registered in 0.002531 seconds.
Native extension for WindowsStandalone target not found
Refreshing native plugins compatible for Editor in 32.05 ms, found 2 plugins.
Preloading 0 native plugins for Editor in 0.00 ms.
Mono: successfully reloaded assembly
- Completed reload, in  2.497 seconds
Domain Reload Profiling:
	ReloadAssembly (2497ms)
		BeginReloadAssembly (75ms)
			ExecutionOrderSort (0ms)
			DisableScriptedObjects (0ms)
			BackupInstance (0ms)
			ReleaseScriptingObjects (0ms)
			CreateAndSetChildDomain (1ms)
		EndReloadAssembly (551ms)
			LoadAssemblies (72ms)
			RebuildTransferFunctionScriptingTraits (0ms)
			SetupTypeCache (226ms)
			ReleaseScriptCaches (0ms)
			RebuildScriptCaches (43ms)
			SetupLoadedEditorAssemblies (186ms)
				LogAssemblyErrors (0ms)
				InitializePlatformSupportModulesInManaged (4ms)
				SetLoadedEditorAssemblies (0ms)
				RefreshPlugins (32ms)
				BeforeProcessingInitializeOnLoad (16ms)
				ProcessInitializeOnLoadAttributes (99ms)
				ProcessInitializeOnLoadMethodAttributes (34ms)
				AfterProcessingInitializeOnLoad (0ms)
				EditorAssembliesLoaded (0ms)
			ExecutionOrderSort2 (0ms)
			AwakeInstancesAfterBackupRestoration (0ms)
Platform modules already initialized, skipping
Registering precompiled user dll's ...
Registered in 0.003388 seconds.
Begin MonoManager ReloadAssembly
Native extension for WindowsStandalone target not found
Refreshing native plugins compatible for Editor in 0.40 ms, found 2 plugins.
Preloading 0 native plugins for Editor in 0.00 ms.
Mono: successfully reloaded assembly
- Completed reload, in  1.287 seconds
Domain Reload Profiling:
	ReloadAssembly (1288ms)
		BeginReloadAssembly (175ms)
			ExecutionOrderSort (0ms)
			DisableScriptedObjects (5ms)
			BackupInstance (0ms)
			ReleaseScriptingObjects (0ms)
			CreateAndSetChildDomain (22ms)
		EndReloadAssembly (1036ms)
			LoadAssemblies (103ms)
			RebuildTransferFunctionScriptingTraits (0ms)
			SetupTypeCache (340ms)
			ReleaseScriptCaches (0ms)
			RebuildScriptCaches (57ms)
			SetupLoadedEditorAssemblies (400ms)
				LogAssemblyErrors (0ms)
				InitializePlatformSupportModulesInManaged (7ms)
				SetLoadedEditorAssemblies (0ms)
				RefreshPlugins (0ms)
				BeforeProcessingInitializeOnLoad (97ms)
				ProcessInitializeOnLoadAttributes (282ms)
				ProcessInitializeOnLoadMethodAttributes (6ms)
				AfterProcessingInitializeOnLoad (9ms)
				EditorAssembliesLoaded (0ms)
			ExecutionOrderSort2 (0ms)
			AwakeInstancesAfterBackupRestoration (8ms)
Platform modules already initialized, skipping
========================================================================
Worker process is ready to serve import requests
Launched and connected shader compiler UnityShaderCompiler.exe after 0.06 seconds
Refreshing native plugins compatible for Editor in 0.59 ms, found 2 plugins.
Preloading 0 native plugins for Editor in 0.00 ms.
Unloading 1541 Unused Serialized files (Serialized files now loaded: 0)
System memory in use before: 69.7 MB.
System memory in use after: 69.8 MB.

Unloading 20 unused Assets to reduce memory usage. Loaded Objects now: 1972.
Total: 3.637200 ms (FindLiveObjects: 0.308400 ms CreateObjectMapping: 0.099600 ms MarkObjects: 3.088100 ms  DeleteObjects: 0.138900 ms)

AssetImportParameters requested are different than current active one (requested -> active):
  custom:framework-win-MediaFoundation: 216162199b28c13a410421893ffa2e32 -> 
  custom:video-decoder-ogg-theora: a1e56fd34408186e4bbccfd4996cb3dc -> 
  custom:container-muxer-webm: aa71ff27fc2769a1b78a27578f13a17b -> 
  custom:container-demuxer-webm: 4f35f7cbe854078d1ac9338744f61a02 -> 
  custom:container-demuxer-ogg: 62fdf1f143b41e24485cea50d1cbac27 -> 
  custom:video-encoder-webm-vp8: eb34c28f22e8b96e1ab97ce403110664 -> 
  custom:video-decoder-webm-vp8: 9c59270c3fd7afecdb556c50c9e8de78 -> 
  custom:audio-decoder-ogg-vorbis: bf7c407c2cedff20999df2af8eb42d56 -> 
  custom:audio-encoder-webm-vorbis: bf7c407c2cedff20999df2af8eb42d56 -> 
========================================================================
Received Import Request.
  path: Assets/External Assets
  artifactKey: Guid(cf286b6f001ba6945933e391efedc7ab) Importer(815301076,1909f56bfc062723c751e8b465ee728b)
Start importing Assets/External Assets using Guid(cf286b6f001ba6945933e391efedc7ab) Importer(815301076,1909f56bfc062723c751e8b465ee728b)  -> (artifact id: 'a7d2f09a92e88118624c26e2b7067bab') in 0.017143 seconds 
  Import took 0.021851 seconds .

========================================================================
Received Import Request.
  Time since last request: 10.224512 seconds.
  path: Assets/Scripts
  artifactKey: Guid(946803061aed3a0468631066a13c8662) Importer(815301076,1909f56bfc062723c751e8b465ee728b)
Start importing Assets/Scripts using Guid(946803061aed3a0468631066a13c8662) Importer(815301076,1909f56bfc062723c751e8b465ee728b)  -> (artifact id: 'ecd3febc5b2c7869c6c7ee36e8bf1210') in 0.014479 seconds 
  Import took 0.019280 seconds .

========================================================================
Received Import Request.
  Time since last request: 28.286411 seconds.
  path: Assets
  artifactKey: Guid(00000000000000001000000000000000) Importer(815301076,1909f56bfc062723c751e8b465ee728b)
Start importing Assets using Guid(00000000000000001000000000000000) Importer(815301076,1909f56bfc062723c751e8b465ee728b)  -> (artifact id: '42d402b061de3733987d63b9cc3b64de') in 0.016889 seconds 
  Import took 0.021542 seconds .

========================================================================
Received Import Request.
  Time since last request: 5.721891 seconds.
  path: Assets/Sprites
  artifactKey: Guid(97256331b82b170439db11dfaa33afbc) Importer(815301076,1909f56bfc062723c751e8b465ee728b)
Start importing Assets/Sprites using Guid(97256331b82b170439db11dfaa33afbc) Importer(815301076,1909f56bfc062723c751e8b465ee728b)  -> (artifact id: 'd579d0d00a5d17f2b3b76e1458ba5fc7') in 0.019290 seconds 
  Import took 0.025004 seconds .

========================================================================
Received Import Request.
  Time since last request: 9.302771 seconds.
  path: Assets/Audio
  artifactKey: Guid(5dfb8d1ac9635f94d9da56aa7f4716a6) Importer(815301076,1909f56bfc062723c751e8b465ee728b)
Start importing Assets/Audio using Guid(5dfb8d1ac9635f94d9da56aa7f4716a6) Importer(815301076,1909f56bfc062723c751e8b465ee728b)  -> (artifact id: '9ae6e8d6b18ab682b3c28e6a9799c71d') in 0.013282 seconds 
  Import took 0.017252 seconds .

========================================================================
Received Import Request.
  Time since last request: 16.022082 seconds.
  path: Assets/Prefabs
  artifactKey: Guid(46d285640b7794e4daffb8ff5bab5de4) Importer(815301076,1909f56bfc062723c751e8b465ee728b)
Start importing Assets/Prefabs using Guid(46d285640b7794e4daffb8ff5bab5de4) Importer(815301076,1909f56bfc062723c751e8b465ee728b)  -> (artifact id: 'b48cf054fa082641b49735b878059985') in 0.014604 seconds 
  Import took 0.021049 seconds .

========================================================================
Received Import Request.
  Time since last request: 2600.223951 seconds.
  path: Assets/Internal Assets/Audio/Interface Sounds/Preview.png
  artifactKey: Guid(0c8d6203daf4c684ab1674409d90ccac) Importer(815301076,1909f56bfc062723c751e8b465ee728b)
Start importing Assets/Internal Assets/Audio/Interface Sounds/Preview.png using Guid(0c8d6203daf4c684ab1674409d90ccac) Importer(815301076,1909f56bfc062723c751e8b465ee728b)  -> (artifact id: '820ea60ab7004f3b30ff59caf45a8986') in 0.137905 seconds 
  Import took 0.141744 seconds .

========================================================================
Received Import Request.
  Time since last request: 12.249547 seconds.
  path: Assets/Internal Assets/Audio/Interface Sounds/Audio/back_001.ogg
  artifactKey: Guid(250294ca5da7e5e4794bbe36d46c347d) Importer(815301076,1909f56bfc062723c751e8b465ee728b)
Start importing Assets/Internal Assets/Audio/Interface Sounds/Audio/back_001.ogg using Guid(250294ca5da7e5e4794bbe36d46c347d) Importer(815301076,1909f56bfc062723c751e8b465ee728b)  -> (artifact id: '48162dededf24a7d6f9453a6f83f77d3') in 0.086995 seconds 
  Import took 0.090834 seconds .

========================================================================
Received Import Request.
  Time since last request: 0.000317 seconds.
  path: Assets/Internal Assets/Audio/Interface Sounds/Audio/close_001.ogg
  artifactKey: Guid(ec41abbccdf2f2b41b11ab0a889db94b) Importer(815301076,1909f56bfc062723c751e8b465ee728b)
Start importing Assets/Internal Assets/Audio/Interface Sounds/Audio/close_001.ogg using Guid(ec41abbccdf2f2b41b11ab0a889db94b) Importer(815301076,1909f56bfc062723c751e8b465ee728b)  -> (artifact id: '27c17d39684167ada3f5c24274b3a797') in 0.023534 seconds 
  Import took 0.027351 seconds .

========================================================================
Received Import Request.
  Time since last request: 0.000259 seconds.
  path: Assets/Internal Assets/Audio/Interface Sounds/Audio/confirmation_001.ogg
  artifactKey: Guid(53cdf9330e7244740afce2d469facd4b) Importer(815301076,1909f56bfc062723c751e8b465ee728b)
Start importing Assets/Internal Assets/Audio/Interface Sounds/Audio/confirmation_001.ogg using Guid(53cdf9330e7244740afce2d469facd4b) Importer(815301076,1909f56bfc062723c751e8b465ee728b)  -> (artifact id: '439420a8adedb56c5e20ac695c692230') in 0.030661 seconds 
  Import took 0.034711 seconds .

========================================================================
Received Import Request.
  Time since last request: 0.000642 seconds.
  path: Assets/Internal Assets/Audio/Interface Sounds/Audio/click_003.ogg
  artifactKey: Guid(8a45e6ffd7a448445b8500e718c7e6d7) Importer(815301076,1909f56bfc062723c751e8b465ee728b)
Start importing Assets/Internal Assets/Audio/Interface Sounds/Audio/click_003.ogg using Guid(8a45e6ffd7a448445b8500e718c7e6d7) Importer(815301076,1909f56bfc062723c751e8b465ee728b)  -> (artifact id: '872421320dbc5b98ae209c444d1bc7af') in 0.021732 seconds 
  Import took 0.027742 seconds .

========================================================================
Received Import Request.
  Time since last request: 0.000440 seconds.
  path: Assets/Internal Assets/Audio/Interface Sounds/Audio/back_004.ogg
  artifactKey: Guid(3d57a2f0e08e52e4e852e30f9b0ae76d) Importer(815301076,1909f56bfc062723c751e8b465ee728b)
Start importing Assets/Internal Assets/Audio/Interface Sounds/Audio/back_004.ogg using Guid(3d57a2f0e08e52e4e852e30f9b0ae76d) Importer(815301076,1909f56bfc062723c751e8b465ee728b)  -> (artifact id: '49c33a681998985732ccada4be892aaa') in 0.019641 seconds 
  Import took 0.024973 seconds .

========================================================================
Received Import Request.
  Time since last request: 0.000354 seconds.
  path: Assets/Internal Assets/Audio/Interface Sounds/Audio/bong_001.ogg
  artifactKey: Guid(7536d736e195ee4439b6419950185633) Importer(815301076,1909f56bfc062723c751e8b465ee728b)
Start importing Assets/Internal Assets/Audio/Interface Sounds/Audio/bong_001.ogg using Guid(7536d736e195ee4439b6419950185633) Importer(815301076,1909f56bfc062723c751e8b465ee728b)  -> (artifact id: 'd95d6df3269557146ff87fdd5493d4c5') in 0.020950 seconds 
  Import took 0.025370 seconds .

========================================================================
Received Import Request.
  Time since last request: 0.000373 seconds.
  path: Assets/Internal Assets/Audio/Interface Sounds/Audio/close_002.ogg
  artifactKey: Guid(614f7b9430d1f944c92cbd2c99fe2d68) Importer(815301076,1909f56bfc062723c751e8b465ee728b)
Start importing Assets/Internal Assets/Audio/Interface Sounds/Audio/close_002.ogg using Guid(614f7b9430d1f944c92cbd2c99fe2d68) Importer(815301076,1909f56bfc062723c751e8b465ee728b)  -> (artifact id: '959703036eb366eb5056b7c55734a959') in 0.024087 seconds 
  Import took 0.028027 seconds .

========================================================================
Received Import Request.
  Time since last request: 0.000319 seconds.
  path: Assets/Internal Assets/Audio/Interface Sounds/Audio/click_005.ogg
  artifactKey: Guid(06da117e5f50e6047a292d7dd3ee0abc) Importer(815301076,1909f56bfc062723c751e8b465ee728b)
Start importing Assets/Internal Assets/Audio/Interface Sounds/Audio/click_005.ogg using Guid(06da117e5f50e6047a292d7dd3ee0abc) Importer(815301076,1909f56bfc062723c751e8b465ee728b)  -> (artifact id: '77b702f56d657873baf0ba3c4a82bcd1') in 0.022664 seconds 
  Import took 0.026643 seconds .

========================================================================
Received Import Request.
  Time since last request: 0.000522 seconds.
  path: Assets/Internal Assets/Audio/Interface Sounds/Audio/click_001.ogg
  artifactKey: Guid(c4abd34559098f24097460ac3376aa50) Importer(815301076,1909f56bfc062723c751e8b465ee728b)
Start importing Assets/Internal Assets/Audio/Interface Sounds/Audio/click_001.ogg using Guid(c4abd34559098f24097460ac3376aa50) Importer(815301076,1909f56bfc062723c751e8b465ee728b)  -> (artifact id: '7ea9adeecedf160aefb874a68807e3ed') in 0.025289 seconds 
  Import took 0.028940 seconds .

========================================================================
Received Import Request.
  Time since last request: 0.000275 seconds.
  path: Assets/Internal Assets/Audio/Interface Sounds/Audio/close_003.ogg
  artifactKey: Guid(1a6694d37b7e02442b07baca3bdb986c) Importer(815301076,1909f56bfc062723c751e8b465ee728b)
Start importing Assets/Internal Assets/Audio/Interface Sounds/Audio/close_003.ogg using Guid(1a6694d37b7e02442b07baca3bdb986c) Importer(815301076,1909f56bfc062723c751e8b465ee728b)  -> (artifact id: '0393759454582031fa1fed90e7b5e2ae') in 0.026600 seconds 
  Import took 0.030277 seconds .

========================================================================
Received Import Request.
  Time since last request: 0.000368 seconds.
  path: Assets/Internal Assets/Audio/Interface Sounds/Audio/click_004.ogg
  artifactKey: Guid(9e431dc290985c94ea39a39b954a5c11) Importer(815301076,1909f56bfc062723c751e8b465ee728b)
Start importing Assets/Internal Assets/Audio/Interface Sounds/Audio/click_004.ogg using Guid(9e431dc290985c94ea39a39b954a5c11) Importer(815301076,1909f56bfc062723c751e8b465ee728b)  -> (artifact id: '66a9758a5da54a41210ed67d8deb8cbb') in 0.026833 seconds 
  Import took 0.029962 seconds .

========================================================================
Received Import Request.
  Time since last request: 0.000303 seconds.
  path: Assets/Internal Assets/Audio/Interface Sounds/Audio/close_004.ogg
  artifactKey: Guid(d1cef7b3595f2fa458e484882c6cc329) Importer(815301076,1909f56bfc062723c751e8b465ee728b)
Start importing Assets/Internal Assets/Audio/Interface Sounds/Audio/close_004.ogg using Guid(d1cef7b3595f2fa458e484882c6cc329) Importer(815301076,1909f56bfc062723c751e8b465ee728b)  -> (artifact id: '6ade7337d97a525e0b90baab05fb39eb') in 0.022046 seconds 
  Import took 0.026870 seconds .

========================================================================
Received Import Request.
  Time since last request: 0.000398 seconds.
  path: Assets/Internal Assets/Audio/Interface Sounds/Audio/click_002.ogg
  artifactKey: Guid(0f72332c05ab54444968c41c69e1f8f4) Importer(815301076,1909f56bfc062723c751e8b465ee728b)
Start importing Assets/Internal Assets/Audio/Interface Sounds/Audio/click_002.ogg using Guid(0f72332c05ab54444968c41c69e1f8f4) Importer(815301076,1909f56bfc062723c751e8b465ee728b)  -> (artifact id: 'ffa8cdc46c59a71ed6b4a0c20554bd3a') in 0.022625 seconds 
  Import took 0.027187 seconds .

========================================================================
Received Import Request.
  Time since last request: 0.000354 seconds.
  path: Assets/Internal Assets/Audio/Interface Sounds/Audio/back_003.ogg
  artifactKey: Guid(1f93fbb28f2627647b51ce125c278f53) Importer(815301076,1909f56bfc062723c751e8b465ee728b)
Start importing Assets/Internal Assets/Audio/Interface Sounds/Audio/back_003.ogg using Guid(1f93fbb28f2627647b51ce125c278f53) Importer(815301076,1909f56bfc062723c751e8b465ee728b)  -> (artifact id: 'fb82351deb7e5ad7b586e8c587bc1ca6') in 0.021931 seconds 
  Import took 0.026976 seconds .

========================================================================
Received Import Request.
  Time since last request: 0.000581 seconds.
  path: Assets/Internal Assets/Audio/Interface Sounds/Audio/back_002.ogg
  artifactKey: Guid(fee801d08e41dd447b6e89c3daef5492) Importer(815301076,1909f56bfc062723c751e8b465ee728b)
Start importing Assets/Internal Assets/Audio/Interface Sounds/Audio/back_002.ogg using Guid(fee801d08e41dd447b6e89c3daef5492) Importer(815301076,1909f56bfc062723c751e8b465ee728b)  -> (artifact id: 'a62afeeea75b47853298b1474f92c03d') in 0.020019 seconds 
  Import took 0.024874 seconds .

========================================================================
Received Import Request.
  Time since last request: 2.561313 seconds.
  path: Assets/Internal Assets/Audio/Impact Sounds/Preview.png
  artifactKey: Guid(6349709273febf54e8343f40754ec2ee) Importer(815301076,1909f56bfc062723c751e8b465ee728b)
Start importing Assets/Internal Assets/Audio/Impact Sounds/Preview.png using Guid(6349709273febf54e8343f40754ec2ee) Importer(815301076,1909f56bfc062723c751e8b465ee728b)  -> (artifact id: '7b736ace66f87bf49f5a7ead7daada47') in 0.023504 seconds 
  Import took 0.026755 seconds .

========================================================================
Received Import Request.
  Time since last request: 7.716212 seconds.
  path: Assets/Internal Assets/Audio/Sci-Fi Sounds/Preview.png
  artifactKey: Guid(e02669164efee3841a762eb6038aeef8) Importer(815301076,1909f56bfc062723c751e8b465ee728b)
Start importing Assets/Internal Assets/Audio/Sci-Fi Sounds/Preview.png using Guid(e02669164efee3841a762eb6038aeef8) Importer(815301076,1909f56bfc062723c751e8b465ee728b)  -> (artifact id: '8f12665678a280c6cbc3c63271399244') in 0.022161 seconds 
  Import took 0.025745 seconds .

========================================================================
Received Import Request.
  Time since last request: 5.425011 seconds.
  path: Assets/Internal Assets/Character/February_contents.png
  artifactKey: Guid(5a139a003416a794cb7a62e2e7ba7b33) Importer(815301076,1909f56bfc062723c751e8b465ee728b)
Start importing Assets/Internal Assets/Character/February_contents.png using Guid(5a139a003416a794cb7a62e2e7ba7b33) Importer(815301076,1909f56bfc062723c751e8b465ee728b)  -> (artifact id: '38b58796289087ec1db60d2df1c1e4de') in 0.025742 seconds 
  Import took 0.029306 seconds .

========================================================================
Received Import Request.
  Time since last request: 1.393563 seconds.
  path: Assets/Internal Assets/Character/fbx/character_spaceSoldier.fbx
  artifactKey: Guid(2590911e89831ef40a66fbc2cb1c93ad) Importer(815301076,1909f56bfc062723c751e8b465ee728b)
Start importing Assets/Internal Assets/Character/fbx/character_spaceSoldier.fbx using Guid(2590911e89831ef40a66fbc2cb1c93ad) Importer(815301076,1909f56bfc062723c751e8b465ee728b)  -> (artifact id: '67237fb207aa811e065e7b5cea4ce4f8') in 0.419714 seconds 
  Import took 0.425000 seconds .

========================================================================
Received Import Request.
  Time since last request: 0.000344 seconds.
  path: Assets/Internal Assets/Character/fbx/character_spaceSoldierHelmetVisor.fbx
  artifactKey: Guid(50409e0d881508940b1214c3251b227a) Importer(815301076,1909f56bfc062723c751e8b465ee728b)
Start importing Assets/Internal Assets/Character/fbx/character_spaceSoldierHelmetVisor.fbx using Guid(50409e0d881508940b1214c3251b227a) Importer(815301076,1909f56bfc062723c751e8b465ee728b)  -> (artifact id: 'ad3fe2ef5cf38d2718c6a08a0b3cbc7a') in 0.341052 seconds 
  Import took 0.344126 seconds .

========================================================================
Received Import Request.
  Time since last request: 0.000381 seconds.
  path: Assets/Internal Assets/Character/fbx/character_spaceSoldierHeadB.fbx
  artifactKey: Guid(8c270bcd54051ae47926969712ac0e32) Importer(815301076,1909f56bfc062723c751e8b465ee728b)
Start importing Assets/Internal Assets/Character/fbx/character_spaceSoldierHeadB.fbx using Guid(8c270bcd54051ae47926969712ac0e32) Importer(815301076,1909f56bfc062723c751e8b465ee728b)  -> (artifact id: '0f69f827d581924dbcf8e71fbc7aadbf') in 0.067135 seconds 
  Import took 0.070292 seconds .

========================================================================
Received Import Request.
  Time since last request: 0.000347 seconds.
  path: Assets/Internal Assets/Character/fbx/character_spaceSoldierHelmet.fbx
  artifactKey: Guid(303d8c4a4cae6dd4786e2acdaf9c5de3) Importer(815301076,1909f56bfc062723c751e8b465ee728b)
Start importing Assets/Internal Assets/Character/fbx/character_spaceSoldierHelmet.fbx using Guid(303d8c4a4cae6dd4786e2acdaf9c5de3) Importer(815301076,1909f56bfc062723c751e8b465ee728b)  -> (artifact id: 'c74eee0637503ed63e4655f4d79e78d8') in 0.066007 seconds 
  Import took 0.069546 seconds .

========================================================================
Received Import Request.
  Time since last request: 0.000362 seconds.
  path: Assets/Internal Assets/Character/fbx/spaceSoldierBlaster.fbx
  artifactKey: Guid(e06bbc8f46d97844383873a26b2640d5) Importer(815301076,1909f56bfc062723c751e8b465ee728b)
Start importing Assets/Internal Assets/Character/fbx/spaceSoldierBlaster.fbx using Guid(e06bbc8f46d97844383873a26b2640d5) Importer(815301076,1909f56bfc062723c751e8b465ee728b)  -> (artifact id: '89530300f67cbbaaecc3ffe05f30db07') in 0.074060 seconds 
  Import took 0.077343 seconds .

========================================================================
Received Import Request.
  Time since last request: 0.000243 seconds.
  path: Assets/Internal Assets/Character/fbx/cigar.fbx
  artifactKey: Guid(f16e262b67e5fa74bb72f8e02938e18b) Importer(815301076,1909f56bfc062723c751e8b465ee728b)
Start importing Assets/Internal Assets/Character/fbx/cigar.fbx using Guid(f16e262b67e5fa74bb72f8e02938e18b) Importer(815301076,1909f56bfc062723c751e8b465ee728b)  -> (artifact id: '41ab22c93dac21466d6ff984ff5f5641') in 0.050105 seconds 
  Import took 0.054164 seconds .

========================================================================
Received Import Request.
  Time since last request: 0.000257 seconds.
  path: Assets/Internal Assets/Character/fbx/character_spaceSoldierHeadC.fbx
  artifactKey: Guid(cae506b942c73594e805a2484498cb7f) Importer(815301076,1909f56bfc062723c751e8b465ee728b)
Start importing Assets/Internal Assets/Character/fbx/character_spaceSoldierHeadC.fbx using Guid(cae506b942c73594e805a2484498cb7f) Importer(815301076,1909f56bfc062723c751e8b465ee728b)  -> (artifact id: '91053b5b99e1039b3d720b4622b43bc5') in 0.062656 seconds 
  Import took 0.066185 seconds .

========================================================================
Received Import Request.
  Time since last request: 0.000246 seconds.
  path: Assets/Internal Assets/Character/fbx/character_spaceSoldierHelmetBreather.fbx
  artifactKey: Guid(0acd9a4213fec7e4894a129a6020c982) Importer(815301076,1909f56bfc062723c751e8b465ee728b)
Start importing Assets/Internal Assets/Character/fbx/character_spaceSoldierHelmetBreather.fbx using Guid(0acd9a4213fec7e4894a129a6020c982) Importer(815301076,1909f56bfc062723c751e8b465ee728b)  -> (artifact id: '7e695728492a054434a7aa56b0c08db8') in 0.065774 seconds 
  Import took 0.068948 seconds .

========================================================================
Received Import Request.
  Time since last request: 23.680648 seconds.
  path: Assets/Internal Assets/Models Blocks/powerupBlock_teamBlue.fbx
  artifactKey: Guid(80396db2d2cd99c409ad56c96c66a6e8) Importer(815301076,1909f56bfc062723c751e8b465ee728b)
Start importing Assets/Internal Assets/Models Blocks/powerupBlock_teamBlue.fbx using Guid(80396db2d2cd99c409ad56c96c66a6e8) Importer(815301076,1909f56bfc062723c751e8b465ee728b)  -> (artifact id: '3c185c2623dc3be16c0c709fd60beeb2') in 0.043479 seconds 
  Import took 0.048239 seconds .

========================================================================
Received Import Request.
  Time since last request: 0.000376 seconds.
  path: Assets/Internal Assets/Models Blocks/powerupBlock_teamRed.fbx
  artifactKey: Guid(2718abbdac7d9394e8142b26bd781bd6) Importer(815301076,1909f56bfc062723c751e8b465ee728b)
Start importing Assets/Internal Assets/Models Blocks/powerupBlock_teamRed.fbx using Guid(2718abbdac7d9394e8142b26bd781bd6) Importer(815301076,1909f56bfc062723c751e8b465ee728b)  -> (artifact id: '2c2b8336561be07ae8d78ad171f8589e') in 0.059428 seconds 
  Import took 0.062670 seconds .

========================================================================
Received Import Request.
  Time since last request: 0.000422 seconds.
  path: Assets/Internal Assets/Models Blocks/powerupBlock_teamYellow.fbx
  artifactKey: Guid(516087a9702271c449e4d8815af27e4d) Importer(815301076,1909f56bfc062723c751e8b465ee728b)
Start importing Assets/Internal Assets/Models Blocks/powerupBlock_teamYellow.fbx using Guid(516087a9702271c449e4d8815af27e4d) Importer(815301076,1909f56bfc062723c751e8b465ee728b)  -> (artifact id: 'd128711858e9ba76d228667b9deb3875') in 0.060234 seconds 
  Import took 0.063344 seconds .

========================================================================
Received Import Request.
  Time since last request: 55.906515 seconds.
  path: Assets/Internal Assets/Background/Sky1.jpg
  artifactKey: Guid(ccf0602da17431d44bf3ce505df94207) Importer(815301076,1909f56bfc062723c751e8b465ee728b)
Start importing Assets/Internal Assets/Background/Sky1.jpg using Guid(ccf0602da17431d44bf3ce505df94207) Importer(815301076,1909f56bfc062723c751e8b465ee728b)  -> (artifact id: 'a525f73637bf07f8727aaef49dbeaa70') in 0.054232 seconds 
  Import took 0.058707 seconds .

========================================================================
Received Import Request.
  Time since last request: 0.000363 seconds.
  path: Assets/Internal Assets/Background/Sky2.jpg
  artifactKey: Guid(858c8581ab25ae3459cce290aec487ef) Importer(815301076,1909f56bfc062723c751e8b465ee728b)
Start importing Assets/Internal Assets/Background/Sky2.jpg using Guid(858c8581ab25ae3459cce290aec487ef) Importer(815301076,1909f56bfc062723c751e8b465ee728b)  -> (artifact id: 'a4c0538d2bc27435f4b10ef03407ecdf') in 0.059088 seconds 
  Import took 0.062641 seconds .

========================================================================
Received Import Request.
  Time since last request: 336.581882 seconds.
  path: Assets/Sprites/Splash/CTS_Logo.jpg
  artifactKey: Guid(68d1adaed1d4101459a2bcaf39e59b43) Importer(815301076,1909f56bfc062723c751e8b465ee728b)
Start importing Assets/Sprites/Splash/CTS_Logo.jpg using Guid(68d1adaed1d4101459a2bcaf39e59b43) Importer(815301076,1909f56bfc062723c751e8b465ee728b)  -> (artifact id: '6b42f0a825d518e56fe7e6f66845bbee') in 0.022011 seconds 
  Import took 0.026286 seconds .

========================================================================
Received Import Request.
  Time since last request: 8.598287 seconds.
  path: Assets/Sprites/Splash/CTS_Logo.jpg
  artifactKey: Guid(68d1adaed1d4101459a2bcaf39e59b43) Importer(815301076,1909f56bfc062723c751e8b465ee728b)
Start importing Assets/Sprites/Splash/CTS_Logo.jpg using Guid(68d1adaed1d4101459a2bcaf39e59b43) Importer(815301076,1909f56bfc062723c751e8b465ee728b)  -> (artifact id: '5b9e99c59c8dd80e41352fe2f29fa9dc') in 0.052327 seconds 
  Import took 0.055489 seconds .

========================================================================
Received Import Request.
  Time since last request: 12.032987 seconds.
  path: Assets/Scenes/Splash.unity
  artifactKey: Guid(c49ba3464fd89ee4c99696557b5c6ab9) Importer(815301076,1909f56bfc062723c751e8b465ee728b)
Start importing Assets/Scenes/Splash.unity using Guid(c49ba3464fd89ee4c99696557b5c6ab9) Importer(815301076,1909f56bfc062723c751e8b465ee728b)  -> (artifact id: '1778d7ca84ccd6ed8198160def24794a') in 0.012819 seconds 
  Import took 0.019334 seconds .

========================================================================
Received Import Request.
  Time since last request: 0.004047 seconds.
  path: Assets/Scenes/Splash.unity
  artifactKey: Guid(c49ba3464fd89ee4c99696557b5c6ab9) Importer(815301076,1909f56bfc062723c751e8b465ee728b)
Start importing Assets/Scenes/Splash.unity using Guid(c49ba3464fd89ee4c99696557b5c6ab9) Importer(815301076,1909f56bfc062723c751e8b465ee728b)  -> (artifact id: '1778d7ca84ccd6ed8198160def24794a') in 0.006715 seconds 
  Import took 0.010927 seconds .

========================================================================
Received Import Request.
  Time since last request: 163.191747 seconds.
  path: Assets/Scenes/Splash.unity
  artifactKey: Guid(c49ba3464fd89ee4c99696557b5c6ab9) Importer(815301076,1909f56bfc062723c751e8b465ee728b)
Start importing Assets/Scenes/Splash.unity using Guid(c49ba3464fd89ee4c99696557b5c6ab9) Importer(815301076,1909f56bfc062723c751e8b465ee728b)  -> (artifact id: '451fe8b79c4a2d972dc3cc7109e17a3d') in 0.003885 seconds 
  Import took 0.007527 seconds .

========================================================================
Received Import Request.
  Time since last request: 1.768909 seconds.
  path: Assets/Scenes/PSF.unity
  artifactKey: Guid(9fc0d4010bbf28b4594072e72b8655ab) Importer(815301076,1909f56bfc062723c751e8b465ee728b)
Start importing Assets/Scenes/PSF.unity using Guid(9fc0d4010bbf28b4594072e72b8655ab) Importer(815301076,1909f56bfc062723c751e8b465ee728b)  -> (artifact id: '944dd097adbe6048cf52b58def231518') in 0.014202 seconds 
  Import took 0.018069 seconds .

========================================================================
Received Import Request.
  Time since last request: 0.003892 seconds.
  path: Assets/Scenes/PSF.unity
  artifactKey: Guid(9fc0d4010bbf28b4594072e72b8655ab) Importer(815301076,1909f56bfc062723c751e8b465ee728b)
Start importing Assets/Scenes/PSF.unity using Guid(9fc0d4010bbf28b4594072e72b8655ab) Importer(815301076,1909f56bfc062723c751e8b465ee728b)  -> (artifact id: '944dd097adbe6048cf52b58def231518') in 0.003346 seconds 
  Import took 0.008237 seconds .

AssetImportWorkerClient::OnTransportError - code=2 error=End of file
